TN:
SF:client/src/components/SlowFetcher.jsx
FN:3,SlowFetcher
FN:7,(anonymous_1)
FN:9,(anonymous_2)
FN:10,(anonymous_3)
FNF:4
FNH:1
FNDA:3,SlowFetcher
FNDA:0,(anonymous_1)
FNDA:0,(anonymous_2)
FNDA:0,(anonymous_3)
DA:4,3
DA:5,0
DA:7,0
DA:8,0
DA:9,0
DA:11,0
DA:12,0
DA:16,0
DA:17,0
LF:9
LH:1
BRDA:16,0,0,0
BRDA:16,0,1,0
BRF:2
BRH:0
end_of_record
TN:
SF:server/src/app.js
FNF:0
FNH:0
DA:1,2
DA:2,2
DA:4,2
DA:5,2
DA:7,2
DA:8,2
DA:10,2
LF:7
LH:7
BRF:0
BRH:0
end_of_record
TN:
SF:server/src/middleware/errorHandler.js
FN:1,errorHandler
FNF:1
FNH:1
FNDA:1,errorHandler
DA:2,1
DA:3,1
DA:6,2
LF:3
LH:3
BRF:0
BRH:0
end_of_record
TN:
SF:server/src/middleware/logger.js
FN:1,logger
FNF:1
FNH:1
FNDA:1,logger
DA:2,1
DA:3,1
DA:6,1
LF:3
LH:3
BRF:0
BRH:0
end_of_record
TN:
SF:server/src/routes/hello.js
FN:4,(anonymous_0)
FN:10,(anonymous_1)
FN:14,(anonymous_2)
FNF:3
FNH:2
FNDA:1,(anonymous_0)
FNDA:1,(anonymous_1)
FNDA:0,(anonymous_2)
DA:1,2
DA:2,2
DA:4,2
DA:5,1
DA:8,2
DA:10,2
DA:11,1
DA:14,2
DA:15,0
LF:9
LH:8
BRF:0
BRH:0
end_of_record
TN:
SF:server/src/utils/math.js
FN:1,add
FN:5,multiply
FN:9,divide
FNF:3
FNH:3
FNDA:1,add
FNDA:1,multiply
FNDA:2,divide
DA:2,1
DA:6,1
DA:10,2
DA:11,1
DA:13,1
DA:16,2
LF:6
LH:6
BRDA:10,0,0,1
BRDA:10,0,1,1
BRF:2
BRH:2
end_of_record
